<?xml version="1.0" encoding="UTF-8"?>
<testsuite xmlns:xsi="http://www.w3.org/2001/XMLSchema-instance" xsi:noNamespaceSchemaLocation="https://maven.apache.org/surefire/maven-surefire-plugin/xsd/surefire-test-report.xsd" version="3.0.2" name="TestSuite" time="23.296" tests="2" errors="0" skipped="0" failures="0">
  <properties>
[...]
</properties>
  <testcase name="testInvalidLogin" classname="com.js.selenium_qa.tests.LoginTest" time="2.125">
    <system-out><![CDATA[...
... TestNG 7.9.0 by Cédric Beust (cedric@beust.com)
...

]]></system-out>
    <system-err><![CDATA[[TestNG-test-Login Tests-1] INFO io.github.bonigarcia.wdm.online.Downloader - Downloading https://storage.googleapis.com/chrome-for-testing-public/150.0.7871.49/linux64/chromedriver-linux64.zip
[TestNG-test-Login Tests-1] INFO io.github.bonigarcia.wdm.online.Downloader - Extracting driver from compressed file chromedriver-linux64.zip
[TestNG-test-Login Tests-1] INFO io.github.bonigarcia.wdm.WebDriverManager - Exporting webdriver.chrome.driver as /root/.cache/selenium/chromedriver/linux64/150.0.7871.49/chromedriver
Jul 08, 2026 9:45:41 AM org.openqa.selenium.remote.tracing.opentelemetry.OpenTelemetryTracer createTracer
INFO: Using OpenTelemetry for tracing
]]></system-err>
  </testcase>
  <testcase name="testValidLogin" classname="com.js.selenium_qa.tests.LoginTest" time="1.72">
    <system-err><![CDATA[[TestNG-test-Login Tests-1] INFO io.github.bonigarcia.wdm.WebDriverManager - Exporting webdriver.chrome.driver as /root/.cache/selenium/chromedriver/linux64/150.0.7871.49/chromedriver
]]></system-err>
  </testcase>
</testsuite>