<?xml version="1.0" encoding="UTF-8"?>
<testng-results ignored="0" total="2" passed="2" failed="0" skipped="0">
  <reporter-output>
  </reporter-output>
  <suite started-at="2026-07-08T09:45:36 UTC" name="Selenium POM Suite" finished-at="2026-07-08T09:45:58 UTC" duration-ms="21777">
    <groups>
      <group name="Login">
        <method signature="LoginTest.testValidLogin()[pri:0, instance:com.js.selenium_qa.tests.LoginTest@6b26e945]" name="testValidLogin" class="com.js.selenium_qa.tests.LoginTest"/>
      </group> <!-- Login -->
    </groups>
    <test started-at="2026-07-08T09:45:36 UTC" name="Login Tests" finished-at="2026-07-08T09:45:58 UTC" duration-ms="21777">
      <class name="com.js.selenium_qa.tests.LoginTest">
        <test-method is-config="true" signature="setup()[pri:0, instance:com.js.selenium_qa.tests.LoginTest@6b26e945]" started-at="2026-07-08T09:45:36 UTC" name="setup" finished-at="2026-07-08T09:45:48 UTC" duration-ms="11991" status="PASS">
          <reporter-output>
          </reporter-output>
        </test-method> <!-- setup -->
        <test-method is-config="true" signature="goToLogin()[pri:0, instance:com.js.selenium_qa.tests.LoginTest@6b26e945]" started-at="2026-07-08T09:45:48 UTC" name="goToLogin" finished-at="2026-07-08T09:45:49 UTC" duration-ms="756" status="PASS">
          <reporter-output>
          </reporter-output>
        </test-method> <!-- goToLogin -->
        <test-method signature="testInvalidLogin()[pri:0, instance:com.js.selenium_qa.tests.LoginTest@6b26e945]" started-at="2026-07-08T09:45:49 UTC" name="testInvalidLogin" description="Invalid login shows a error message" finished-at="2026-07-08T09:45:51 UTC" duration-ms="2125" status="PASS">
          <reporter-output>
          </reporter-output>
        </test-method> <!-- testInvalidLogin -->
        <test-method is-config="true" signature="tearDown()[pri:0, instance:com.js.selenium_qa.tests.LoginTest@6b26e945]" started-at="2026-07-08T09:45:51 UTC" name="tearDown" finished-at="2026-07-08T09:45:51 UTC" duration-ms="117" status="PASS">
          <reporter-output>
          </reporter-output>
        </test-method> <!-- tearDown -->
        <test-method is-config="true" signature="setup()[pri:0, instance:com.js.selenium_qa.tests.LoginTest@6b26e945]" started-at="2026-07-08T09:45:51 UTC" name="setup" finished-at="2026-07-08T09:45:55 UTC" duration-ms="4170" status="PASS">
          <reporter-output>
          </reporter-output>
        </test-method> <!-- setup -->
        <test-method is-config="true" signature="goToLogin()[pri:0, instance:com.js.selenium_qa.tests.LoginTest@6b26e945]" started-at="2026-07-08T09:45:55 UTC" name="goToLogin" finished-at="2026-07-08T09:45:56 UTC" duration-ms="683" status="PASS">
          <reporter-output>
          </reporter-output>
        </test-method> <!-- goToLogin -->
        <test-method signature="testValidLogin()[pri:0, instance:com.js.selenium_qa.tests.LoginTest@6b26e945]" started-at="2026-07-08T09:45:56 UTC" name="testValidLogin" description="Valid login navigates to secure area" finished-at="2026-07-08T09:45:58 UTC" duration-ms="1720" status="PASS">
          <reporter-output>
          </reporter-output>
        </test-method> <!-- testValidLogin -->
        <test-method is-config="true" signature="tearDown()[pri:0, instance:com.js.selenium_qa.tests.LoginTest@6b26e945]" started-at="2026-07-08T09:45:58 UTC" name="tearDown" finished-at="2026-07-08T09:45:58 UTC" duration-ms="103" status="PASS">
          <reporter-output>
          </reporter-output>
        </test-method> <!-- tearDown -->
      </class> <!-- com.js.selenium_qa.tests.LoginTest -->
    </test> <!-- Login Tests -->
  </suite> <!-- Selenium POM Suite -->
</testng-results>
