<?xml version="1.0" encoding="UTF-8"?>
<testng-results ignored="0" total="2" passed="2" failed="0" skipped="0">
  <reporter-output>
  </reporter-output>
  <suite started-at="2026-07-05T07:25:00 UTC" name="Selenium POM Suite" finished-at="2026-07-05T07:25:18 UTC" duration-ms="18033">
    <groups>
      <group name="Login">
        <method signature="LoginTest.testValidLogin()[pri:0, instance:com.js.selenium_qa.tests.LoginTest@6b26e945]" name="testValidLogin" class="com.js.selenium_qa.tests.LoginTest"/>
      </group> <!-- Login -->
    </groups>
    <test started-at="2026-07-05T07:25:00 UTC" name="Login Tests" finished-at="2026-07-05T07:25:18 UTC" duration-ms="18033">
      <class name="com.js.selenium_qa.tests.LoginTest">
        <test-method is-config="true" signature="setup()[pri:0, instance:com.js.selenium_qa.tests.LoginTest@6b26e945]" started-at="2026-07-05T07:25:00 UTC" name="setup" finished-at="2026-07-05T07:25:09 UTC" duration-ms="9550" status="PASS">
          <reporter-output>
          </reporter-output>
        </test-method> <!-- setup -->
        <test-method is-config="true" signature="goToLogin()[pri:0, instance:com.js.selenium_qa.tests.LoginTest@6b26e945]" started-at="2026-07-05T07:25:09 UTC" name="goToLogin" finished-at="2026-07-05T07:25:10 UTC" duration-ms="784" status="PASS">
          <reporter-output>
          </reporter-output>
        </test-method> <!-- goToLogin -->
        <test-method signature="testInvalidLogin()[pri:0, instance:com.js.selenium_qa.tests.LoginTest@6b26e945]" started-at="2026-07-05T07:25:10 UTC" name="testInvalidLogin" description="Invalid login shows a error message" finished-at="2026-07-05T07:25:11 UTC" duration-ms="1142" status="PASS">
          <reporter-output>
          </reporter-output>
        </test-method> <!-- testInvalidLogin -->
        <test-method is-config="true" signature="tearDown()[pri:0, instance:com.js.selenium_qa.tests.LoginTest@6b26e945]" started-at="2026-07-05T07:25:11 UTC" name="tearDown" finished-at="2026-07-05T07:25:11 UTC" duration-ms="84" status="PASS">
          <reporter-output>
          </reporter-output>
        </test-method> <!-- tearDown -->
        <test-method is-config="true" signature="setup()[pri:0, instance:com.js.selenium_qa.tests.LoginTest@6b26e945]" started-at="2026-07-05T07:25:11 UTC" name="setup" finished-at="2026-07-05T07:25:16 UTC" duration-ms="4414" status="PASS">
          <reporter-output>
          </reporter-output>
        </test-method> <!-- setup -->
        <test-method is-config="true" signature="goToLogin()[pri:0, instance:com.js.selenium_qa.tests.LoginTest@6b26e945]" started-at="2026-07-05T07:25:16 UTC" name="goToLogin" finished-at="2026-07-05T07:25:17 UTC" duration-ms="749" status="PASS">
          <reporter-output>
          </reporter-output>
        </test-method> <!-- goToLogin -->
        <test-method signature="testValidLogin()[pri:0, instance:com.js.selenium_qa.tests.LoginTest@6b26e945]" started-at="2026-07-05T07:25:17 UTC" name="testValidLogin" description="Valid login navigates to secure area" finished-at="2026-07-05T07:25:18 UTC" duration-ms="1189" status="PASS">
          <reporter-output>
          </reporter-output>
        </test-method> <!-- testValidLogin -->
        <test-method is-config="true" signature="tearDown()[pri:0, instance:com.js.selenium_qa.tests.LoginTest@6b26e945]" started-at="2026-07-05T07:25:18 UTC" name="tearDown" finished-at="2026-07-05T07:25:18 UTC" duration-ms="74" status="PASS">
          <reporter-output>
          </reporter-output>
        </test-method> <!-- tearDown -->
      </class> <!-- com.js.selenium_qa.tests.LoginTest -->
    </test> <!-- Login Tests -->
  </suite> <!-- Selenium POM Suite -->
</testng-results>
