<?xml version="1.0" encoding="UTF-8"?>
<testng-results ignored="0" total="2" passed="2" failed="0" skipped="0">
  <reporter-output>
  </reporter-output>
  <suite started-at="2026-07-08T13:41:35 IST" name="Selenium POM Suite" finished-at="2026-07-08T13:42:08 IST" duration-ms="33242">
    <groups>
      <group name="Login">
        <method signature="LoginTest.testValidLogin()[pri:0, instance:com.js.selenium_qa.tests.LoginTest@1ab3a8c8]" name="testValidLogin" class="com.js.selenium_qa.tests.LoginTest"/>
      </group> <!-- Login -->
    </groups>
    <test started-at="2026-07-08T13:41:35 IST" name="Login Tests" finished-at="2026-07-08T13:42:08 IST" duration-ms="33242">
      <class name="com.js.selenium_qa.tests.LoginTest">
        <test-method is-config="true" signature="setup()[pri:0, instance:com.js.selenium_qa.tests.LoginTest@1ab3a8c8]" started-at="2026-07-08T13:41:35 IST" name="setup" finished-at="2026-07-08T13:41:43 IST" duration-ms="7916" status="PASS">
          <reporter-output>
          </reporter-output>
        </test-method> <!-- setup -->
        <test-method is-config="true" signature="goToLogin()[pri:0, instance:com.js.selenium_qa.tests.LoginTest@1ab3a8c8]" started-at="2026-07-08T13:41:43 IST" name="goToLogin" finished-at="2026-07-08T13:41:44 IST" duration-ms="913" status="PASS">
          <reporter-output>
          </reporter-output>
        </test-method> <!-- goToLogin -->
        <test-method signature="testInvalidLogin()[pri:0, instance:com.js.selenium_qa.tests.LoginTest@1ab3a8c8]" started-at="2026-07-08T13:41:44 IST" name="testInvalidLogin" description="Invalid login shows a error message" finished-at="2026-07-08T13:41:46 IST" duration-ms="1913" status="PASS">
          <reporter-output>
          </reporter-output>
        </test-method> <!-- testInvalidLogin -->
        <test-method is-config="true" signature="tearDown()[pri:0, instance:com.js.selenium_qa.tests.LoginTest@1ab3a8c8]" started-at="2026-07-08T13:41:46 IST" name="tearDown" finished-at="2026-07-08T13:41:46 IST" duration-ms="628" status="PASS">
          <reporter-output>
          </reporter-output>
        </test-method> <!-- tearDown -->
        <test-method is-config="true" signature="setup()[pri:0, instance:com.js.selenium_qa.tests.LoginTest@1ab3a8c8]" started-at="2026-07-08T13:41:46 IST" name="setup" finished-at="2026-07-08T13:41:56 IST" duration-ms="9191" status="PASS">
          <reporter-output>
          </reporter-output>
        </test-method> <!-- setup -->
        <test-method is-config="true" signature="goToLogin()[pri:0, instance:com.js.selenium_qa.tests.LoginTest@1ab3a8c8]" started-at="2026-07-08T13:41:56 IST" name="goToLogin" finished-at="2026-07-08T13:42:06 IST" duration-ms="10119" status="PASS">
          <reporter-output>
          </reporter-output>
        </test-method> <!-- goToLogin -->
        <test-method signature="testValidLogin()[pri:0, instance:com.js.selenium_qa.tests.LoginTest@1ab3a8c8]" started-at="2026-07-08T13:42:06 IST" name="testValidLogin" description="Valid login navigates to secure area" finished-at="2026-07-08T13:42:08 IST" duration-ms="1981" status="PASS">
          <reporter-output>
          </reporter-output>
        </test-method> <!-- testValidLogin -->
        <test-method is-config="true" signature="tearDown()[pri:0, instance:com.js.selenium_qa.tests.LoginTest@1ab3a8c8]" started-at="2026-07-08T13:42:08 IST" name="tearDown" finished-at="2026-07-08T13:42:08 IST" duration-ms="486" status="PASS">
          <reporter-output>
          </reporter-output>
        </test-method> <!-- tearDown -->
      </class> <!-- com.js.selenium_qa.tests.LoginTest -->
    </test> <!-- Login Tests -->
  </suite> <!-- Selenium POM Suite -->
</testng-results>
