<?xml version="1.0" encoding="UTF-8"?>
<testsuite xmlns:xsi="http://www.w3.org/2001/XMLSchema-instance" xsi:noNamespaceSchemaLocation="https://maven.apache.org/surefire/maven-surefire-plugin/xsd/surefire-test-report.xsd" version="3.0.2" name="TestSuite" time="34.362" tests="2" errors="0" skipped="0" failures="0">
  <properties>
[...]
</properties>
  <testcase name="testInvalidLogin" classname="com.js.selenium_qa.tests.LoginTest" time="1.915">
    <system-out><![CDATA[...
... TestNG 7.9.0 by Cédric Beust (cedric@beust.com)
...

]]></system-out>
    <system-err><![CDATA[[TestNG-test-Login Tests-1] INFO io.github.bonigarcia.wdm.WebDriverManager - Using chromedriver 149.0.7827.155 (resolved driver for Chrome 149)
[TestNG-test-Login Tests-1] INFO io.github.bonigarcia.wdm.WebDriverManager - Exporting webdriver.chrome.driver as C:\Users\MadhurChaudhari\.cache\selenium\chromedriver\win64\149.0.7827.155\chromedriver.exe
]]></system-err>
  </testcase>
  <testcase name="testValidLogin" classname="com.js.selenium_qa.tests.LoginTest" time="1.971">
    <system-err><![CDATA[[TestNG-test-Login Tests-1] INFO io.github.bonigarcia.wdm.WebDriverManager - Using chromedriver 149.0.7827.155 (resolved driver for Chrome 149)
[TestNG-test-Login Tests-1] INFO io.github.bonigarcia.wdm.WebDriverManager - Exporting webdriver.chrome.driver as C:\Users\MadhurChaudhari\.cache\selenium\chromedriver\win64\149.0.7827.155\chromedriver.exe
]]></system-err>
  </testcase>
</testsuite>