<?xml version="1.0" encoding="UTF-8"?>
<!-- Generated by org.testng.reporters.JUnitReportReporter -->
<testsuite hostname="59251fe66c9a" failures="0" tests="2" name="com.js.selenium_qa.tests.LoginTest" time="21.665" errors="0" timestamp="2026-07-08T09:45:58 UTC" skipped="0">
  <testcase classname="com.js.selenium_qa.tests.LoginTest" name="testValidLogin" time="14.497"/>
  <testcase classname="com.js.selenium_qa.tests.LoginTest" name="testInvalidLogin" time="7.168"/>
</testsuite> <!-- com.js.selenium_qa.tests.LoginTest -->
