<?xml version="1.0" encoding="UTF-8"?>
<!-- Generated by org.testng.reporters.JUnitReportReporter -->
<testsuite hostname="selenium-test-runner-5ww9x" failures="0" tests="2" name="com.js.selenium_qa.tests.LoginTest" time="17.986" errors="0" timestamp="2026-07-05T07:25:18 UTC" skipped="0">
  <testcase classname="com.js.selenium_qa.tests.LoginTest" name="testInvalidLogin" time="11.560"/>
  <testcase classname="com.js.selenium_qa.tests.LoginTest" name="testValidLogin" time="6.426"/>
</testsuite> <!-- com.js.selenium_qa.tests.LoginTest -->
