<?xml version="1.0" encoding="UTF-8"?>
<!-- Generated by org.testng.reporters.JUnitReportReporter -->
<testsuite hostname="IBM-5X4SR24" failures="0" tests="2" name="com.js.selenium_qa.tests.LoginTest" time="33.147" errors="0" timestamp="2026-07-08T13:42:09 IST" skipped="0">
  <testcase classname="com.js.selenium_qa.tests.LoginTest" name="testInvalidLogin" time="12.645"/>
  <testcase classname="com.js.selenium_qa.tests.LoginTest" name="testValidLogin" time="20.502"/>
</testsuite> <!-- com.js.selenium_qa.tests.LoginTest -->
